\BOOKMARK [1][-]{section.1}{Ejercicio 1}{}% 1
\BOOKMARK [2][-]{subsection.1.1}{Apartado a}{section.1}% 2
\BOOKMARK [2][-]{subsection.1.2}{Apartado b}{section.1}% 3
\BOOKMARK [3][-]{subsubsection.1.2.1}{Explicaci\363n textual}{subsection.1.2}% 4
\BOOKMARK [3][-]{subsubsection.1.2.2}{Modelo}{subsection.1.2}% 5
\BOOKMARK [3][-]{subsubsection.1.2.3}{C\363digo}{subsection.1.2}% 6
\BOOKMARK [1][-]{section.2}{Ejercicio 2}{}% 7
\BOOKMARK [2][-]{subsection.2.1}{Apartado a}{section.2}% 8
\BOOKMARK [3][-]{subsubsection.2.1.1}{Explicaci\363n textual}{subsection.2.1}% 9
\BOOKMARK [3][-]{subsubsection.2.1.2}{Modelo}{subsection.2.1}% 10
\BOOKMARK [3][-]{subsubsection.2.1.3}{Pseudoc\363digo}{subsection.2.1}% 11
\BOOKMARK [3][-]{subsubsection.2.1.4}{C\363digo}{subsection.2.1}% 12
\BOOKMARK [2][-]{subsection.2.2}{Apartado b}{section.2}% 13
\BOOKMARK [3][-]{subsubsection.2.2.1}{Explicaci\363n textual}{subsection.2.2}% 14
\BOOKMARK [3][-]{subsubsection.2.2.2}{Modelo}{subsection.2.2}% 15
\BOOKMARK [3][-]{subsubsection.2.2.3}{Pseudoc\363digo}{subsection.2.2}% 16
\BOOKMARK [3][-]{subsubsection.2.2.4}{C\363digo}{subsection.2.2}% 17
\BOOKMARK [2][-]{subsection.2.3}{Apartado c}{section.2}% 18
\BOOKMARK [3][-]{subsubsection.2.3.1}{Explicaci\363n textual}{subsection.2.3}% 19
\BOOKMARK [3][-]{subsubsection.2.3.2}{Modelo}{subsection.2.3}% 20
\BOOKMARK [3][-]{subsubsection.2.3.3}{Pseudoc\363digo}{subsection.2.3}% 21
\BOOKMARK [3][-]{subsubsection.2.3.4}{C\363digo}{subsection.2.3}% 22
\BOOKMARK [1][-]{section.3}{Ejercicio 3}{}% 23
\BOOKMARK [2][-]{subsection.3.1}{Explicaci\363n textual}{section.3}% 24
\BOOKMARK [2][-]{subsection.3.2}{Modelo}{section.3}% 25
\BOOKMARK [2][-]{subsection.3.3}{C\363digo}{section.3}% 26
\BOOKMARK [1][-]{section.4}{Patrones de dise\361o usados}{}% 27
